f:\document\github\x64\debug\vc120.pdb
f:\document\github\x64\debug\nurbs.obj
f:\document\github\x64\debug\nurbs-ds.obj
f:\document\github\x64\debug\mainwindow.obj
f:\document\github\x64\debug\main.obj
f:\document\github\x64\debug\loadfilefor.obj
f:\document\github\x64\debug\loadfile.obj
f:\document\github\x64\debug\glwidget.obj
f:\document\github\x64\debug\moc_mainwindow.obj
f:\document\github\x64\debug\moc_glwidget.obj
f:\document\github\x64\debug\bspline.obj
f:\document\github\x64\debug\basis.obj
f:\document\github\debug\moc_glwidget.cpp
f:\document\github\debug\moc_mainwindow.cpp
f:\document\github\generatedfiles\ui_mainwindow.h
f:\document\github\debug\mesh.ilk
f:\document\github\debug\mesh.exe
f:\document\github\debug\mesh.pdb
f:\document\github\x64\debug\mesh.tlog\cl.command.1.tlog
f:\document\github\x64\debug\mesh.tlog\cl.read.1.tlog
f:\document\github\x64\debug\mesh.tlog\cl.write.1.tlog
f:\document\github\x64\debug\mesh.tlog\custombuild.command.1.tlog
f:\document\github\x64\debug\mesh.tlog\custombuild.read.1.tlog
f:\document\github\x64\debug\mesh.tlog\custombuild.write.1.tlog
f:\document\github\x64\debug\mesh.tlog\link.command.1.tlog
f:\document\github\x64\debug\mesh.tlog\link.read.1.tlog
f:\document\github\x64\debug\mesh.tlog\link.write.1.tlog
